<?xml version="1.0" encoding="UTF-8"?>
<testng-results skipped="0" failed="0" ignored="0" total="1" passed="1">
  <reporter-output>
  </reporter-output>
  <suite name="Default suite" duration-ms="31555" started-at="2018-05-13T15:34:45Z" finished-at="2018-05-13T15:35:17Z">
    <groups>
    </groups>
    <test name="Default test" duration-ms="31555" started-at="2018-05-13T15:34:45Z" finished-at="2018-05-13T15:35:17Z">
      <class name="seleniumgrid.GridExampleTest">
        <test-method status="PASS" signature="setUp()[pri:0, instance:seleniumgrid.GridExampleTest@1b68ddbd]" name="setUp" is-config="true" duration-ms="15188" started-at="2018-05-13T15:34:45Z" finished-at="2018-05-13T15:35:00Z">
          <reporter-output>
          </reporter-output>
        </test-method> <!-- setUp -->
        <test-method status="PASS" signature="testGooglePageTitleInIEBrowser()[pri:0, instance:seleniumgrid.GridExampleTest@1b68ddbd]" name="testGooglePageTitleInIEBrowser" duration-ms="16261" started-at="2018-05-13T15:35:00Z" finished-at="2018-05-13T15:35:17Z">
          <reporter-output>
          </reporter-output>
        </test-method> <!-- testGooglePageTitleInIEBrowser -->
        <test-method status="PASS" signature="closeBrowser()[pri:0, instance:seleniumgrid.GridExampleTest@1b68ddbd]" name="closeBrowser" is-config="true" duration-ms="67" started-at="2018-05-13T15:35:17Z" finished-at="2018-05-13T15:35:17Z">
          <reporter-output>
          </reporter-output>
        </test-method> <!-- closeBrowser -->
      </class> <!-- seleniumgrid.GridExampleTest -->
    </test> <!-- Default test -->
  </suite> <!-- Default suite -->
</testng-results>
